Debugger listening on port 5858
Debugger listening on port 5858
Debugger listening on port 5858
Debugger listening on port 5858
Debugger listening on port 5858
Debugger listening on port 5858
Debugger listening on port 5858
Debugger listening on port 5858
Debugger listening on port 5858
Debugger listening on port 5858
Debugger listening on port 5858
Error: Cannot find module '../models/referenceServerModel.js'
    at Function.Module._resolveFilename (module.js:336:15)
    at Function.Module._load (module.js:278:25)
    at Function.<anonymous> (/usr/local/lib/node_modules/pm2/node_modules/pmx/lib/transaction.js:62:21)
    at Module.require (module.js:365:17)
    at require (module.js:384:17)
    at module.exports (/media/jhymer/AllData/projects/js/urlcollector/app/lib/mongoose.js:18:3)
    at /media/jhymer/AllData/projects/js/urlcollector/app/server.js:11:12
    at Object.<anonymous> (/media/jhymer/AllData/projects/js/urlcollector/app/server.js:20:3)
    at Module._compile (module.js:460:26)
    at Object.Module._extensions..js (module.js:478:10)
    at Module.load (module.js:355:32)
    at Function.Module._load (module.js:310:12)
    at Function.<anonymous> (/usr/local/lib/node_modules/pm2/node_modules/pmx/lib/transaction.js:62:21)
    at Object.<anonymous> (/usr/local/lib/node_modules/pm2/lib/ProcessContainerFork.js:28:21)
    at Module._compile (module.js:460:26)
    at Object.Module._extensions..js (module.js:478:10)
Debugger listening on port 5858
Error: Cannot find module '../models/referenceServerModel.js'
    at Function.Module._resolveFilename (module.js:336:15)
    at Function.Module._load (module.js:278:25)
    at Function.<anonymous> (/usr/local/lib/node_modules/pm2/node_modules/pmx/lib/transaction.js:62:21)
    at Module.require (module.js:365:17)
    at require (module.js:384:17)
    at module.exports (/media/jhymer/AllData/projects/js/urlcollector/app/lib/mongoose.js:18:3)
    at /media/jhymer/AllData/projects/js/urlcollector/app/server.js:11:12
    at Object.<anonymous> (/media/jhymer/AllData/projects/js/urlcollector/app/server.js:20:3)
    at Module._compile (module.js:460:26)
    at Object.Module._extensions..js (module.js:478:10)
    at Module.load (module.js:355:32)
    at Function.Module._load (module.js:310:12)
    at Function.<anonymous> (/usr/local/lib/node_modules/pm2/node_modules/pmx/lib/transaction.js:62:21)
    at Object.<anonymous> (/usr/local/lib/node_modules/pm2/lib/ProcessContainerFork.js:28:21)
    at Module._compile (module.js:460:26)
    at Object.Module._extensions..js (module.js:478:10)
Debugger listening on port 5858
Error: Cannot find module '../models/referenceServerModel.js'
    at Function.Module._resolveFilename (module.js:336:15)
    at Function.Module._load (module.js:278:25)
    at Function.<anonymous> (/usr/local/lib/node_modules/pm2/node_modules/pmx/lib/transaction.js:62:21)
    at Module.require (module.js:365:17)
    at require (module.js:384:17)
    at module.exports (/media/jhymer/AllData/projects/js/urlcollector/app/lib/mongoose.js:18:3)
    at /media/jhymer/AllData/projects/js/urlcollector/app/server.js:11:12
    at Object.<anonymous> (/media/jhymer/AllData/projects/js/urlcollector/app/server.js:20:3)
    at Module._compile (module.js:460:26)
    at Object.Module._extensions..js (module.js:478:10)
    at Module.load (module.js:355:32)
    at Function.Module._load (module.js:310:12)
    at Function.<anonymous> (/usr/local/lib/node_modules/pm2/node_modules/pmx/lib/transaction.js:62:21)
    at Object.<anonymous> (/usr/local/lib/node_modules/pm2/lib/ProcessContainerFork.js:28:21)
    at Module._compile (module.js:460:26)
    at Object.Module._extensions..js (module.js:478:10)
Debugger listening on port 5858
Error: Cannot find module '../models/referenceServerModel.js'
    at Function.Module._resolveFilename (module.js:336:15)
    at Function.Module._load (module.js:278:25)
    at Function.<anonymous> (/usr/local/lib/node_modules/pm2/node_modules/pmx/lib/transaction.js:62:21)
    at Module.require (module.js:365:17)
    at require (module.js:384:17)
    at module.exports (/media/jhymer/AllData/projects/js/urlcollector/app/lib/mongoose.js:18:3)
    at /media/jhymer/AllData/projects/js/urlcollector/app/server.js:11:12
    at Object.<anonymous> (/media/jhymer/AllData/projects/js/urlcollector/app/server.js:20:3)
    at Module._compile (module.js:460:26)
    at Object.Module._extensions..js (module.js:478:10)
    at Module.load (module.js:355:32)
    at Function.Module._load (module.js:310:12)
    at Function.<anonymous> (/usr/local/lib/node_modules/pm2/node_modules/pmx/lib/transaction.js:62:21)
    at Object.<anonymous> (/usr/local/lib/node_modules/pm2/lib/ProcessContainerFork.js:28:21)
    at Module._compile (module.js:460:26)
    at Object.Module._extensions..js (module.js:478:10)
Debugger listening on port 5858
Error: Cannot find module '../models/referenceServerModel.js'
    at Function.Module._resolveFilename (module.js:336:15)
    at Function.Module._load (module.js:278:25)
    at Function.<anonymous> (/usr/local/lib/node_modules/pm2/node_modules/pmx/lib/transaction.js:62:21)
    at Module.require (module.js:365:17)
    at require (module.js:384:17)
    at module.exports (/media/jhymer/AllData/projects/js/urlcollector/app/lib/mongoose.js:18:3)
    at /media/jhymer/AllData/projects/js/urlcollector/app/server.js:11:12
    at Object.<anonymous> (/media/jhymer/AllData/projects/js/urlcollector/app/server.js:20:3)
    at Module._compile (module.js:460:26)
    at Object.Module._extensions..js (module.js:478:10)
    at Module.load (module.js:355:32)
    at Function.Module._load (module.js:310:12)
    at Function.<anonymous> (/usr/local/lib/node_modules/pm2/node_modules/pmx/lib/transaction.js:62:21)
    at Object.<anonymous> (/usr/local/lib/node_modules/pm2/lib/ProcessContainerFork.js:28:21)
    at Module._compile (module.js:460:26)
    at Object.Module._extensions..js (module.js:478:10)
Debugger listening on port 5858
Error: Cannot find module '../models/referenceServerModel.js'
    at Function.Module._resolveFilename (module.js:336:15)
    at Function.Module._load (module.js:278:25)
    at Function.<anonymous> (/usr/local/lib/node_modules/pm2/node_modules/pmx/lib/transaction.js:62:21)
    at Module.require (module.js:365:17)
    at require (module.js:384:17)
    at module.exports (/media/jhymer/AllData/projects/js/urlcollector/app/lib/mongoose.js:18:3)
    at /media/jhymer/AllData/projects/js/urlcollector/app/server.js:11:12
    at Object.<anonymous> (/media/jhymer/AllData/projects/js/urlcollector/app/server.js:20:3)
    at Module._compile (module.js:460:26)
    at Object.Module._extensions..js (module.js:478:10)
    at Module.load (module.js:355:32)
    at Function.Module._load (module.js:310:12)
    at Function.<anonymous> (/usr/local/lib/node_modules/pm2/node_modules/pmx/lib/transaction.js:62:21)
    at Object.<anonymous> (/usr/local/lib/node_modules/pm2/lib/ProcessContainerFork.js:28:21)
    at Module._compile (module.js:460:26)
    at Object.Module._extensions..js (module.js:478:10)
Debugger listening on port 5858
Error: Cannot find module '../models/referenceServerModel.js'
    at Function.Module._resolveFilename (module.js:336:15)
    at Function.Module._load (module.js:278:25)
    at Function.<anonymous> (/usr/local/lib/node_modules/pm2/node_modules/pmx/lib/transaction.js:62:21)
    at Module.require (module.js:365:17)
    at require (module.js:384:17)
    at module.exports (/media/jhymer/AllData/projects/js/urlcollector/app/lib/mongoose.js:18:3)
    at /media/jhymer/AllData/projects/js/urlcollector/app/server.js:11:12
    at Object.<anonymous> (/media/jhymer/AllData/projects/js/urlcollector/app/server.js:20:3)
    at Module._compile (module.js:460:26)
    at Object.Module._extensions..js (module.js:478:10)
    at Module.load (module.js:355:32)
    at Function.Module._load (module.js:310:12)
    at Function.<anonymous> (/usr/local/lib/node_modules/pm2/node_modules/pmx/lib/transaction.js:62:21)
    at Object.<anonymous> (/usr/local/lib/node_modules/pm2/lib/ProcessContainerFork.js:28:21)
    at Module._compile (module.js:460:26)
    at Object.Module._extensions..js (module.js:478:10)
Debugger listening on port 5858
Error: Cannot find module '../models/referenceServerModel.js'
    at Function.Module._resolveFilename (module.js:336:15)
    at Function.Module._load (module.js:278:25)
    at Function.<anonymous> (/usr/local/lib/node_modules/pm2/node_modules/pmx/lib/transaction.js:62:21)
    at Module.require (module.js:365:17)
    at require (module.js:384:17)
    at module.exports (/media/jhymer/AllData/projects/js/urlcollector/app/lib/mongoose.js:18:3)
    at /media/jhymer/AllData/projects/js/urlcollector/app/server.js:11:12
    at Object.<anonymous> (/media/jhymer/AllData/projects/js/urlcollector/app/server.js:20:3)
    at Module._compile (module.js:460:26)
    at Object.Module._extensions..js (module.js:478:10)
    at Module.load (module.js:355:32)
    at Function.Module._load (module.js:310:12)
    at Function.<anonymous> (/usr/local/lib/node_modules/pm2/node_modules/pmx/lib/transaction.js:62:21)
    at Object.<anonymous> (/usr/local/lib/node_modules/pm2/lib/ProcessContainerFork.js:28:21)
    at Module._compile (module.js:460:26)
    at Object.Module._extensions..js (module.js:478:10)
Debugger listening on port 5858
Error: Cannot find module '../models/referenceServerModel.js'
    at Function.Module._resolveFilename (module.js:336:15)
    at Function.Module._load (module.js:278:25)
    at Function.<anonymous> (/usr/local/lib/node_modules/pm2/node_modules/pmx/lib/transaction.js:62:21)
    at Module.require (module.js:365:17)
    at require (module.js:384:17)
    at module.exports (/media/jhymer/AllData/projects/js/urlcollector/app/lib/mongoose.js:18:3)
    at /media/jhymer/AllData/projects/js/urlcollector/app/server.js:11:12
    at Object.<anonymous> (/media/jhymer/AllData/projects/js/urlcollector/app/server.js:20:3)
    at Module._compile (module.js:460:26)
    at Object.Module._extensions..js (module.js:478:10)
    at Module.load (module.js:355:32)
    at Function.Module._load (module.js:310:12)
    at Function.<anonymous> (/usr/local/lib/node_modules/pm2/node_modules/pmx/lib/transaction.js:62:21)
    at Object.<anonymous> (/usr/local/lib/node_modules/pm2/lib/ProcessContainerFork.js:28:21)
    at Module._compile (module.js:460:26)
    at Object.Module._extensions..js (module.js:478:10)
Debugger listening on port 5858
Error: Cannot find module '../models/referenceServerModel.js'
    at Function.Module._resolveFilename (module.js:336:15)
    at Function.Module._load (module.js:278:25)
    at Function.<anonymous> (/usr/local/lib/node_modules/pm2/node_modules/pmx/lib/transaction.js:62:21)
    at Module.require (module.js:365:17)
    at require (module.js:384:17)
    at module.exports (/media/jhymer/AllData/projects/js/urlcollector/app/lib/mongoose.js:18:3)
    at /media/jhymer/AllData/projects/js/urlcollector/app/server.js:11:12
    at Object.<anonymous> (/media/jhymer/AllData/projects/js/urlcollector/app/server.js:20:3)
    at Module._compile (module.js:460:26)
    at Object.Module._extensions..js (module.js:478:10)
    at Module.load (module.js:355:32)
    at Function.Module._load (module.js:310:12)
    at Function.<anonymous> (/usr/local/lib/node_modules/pm2/node_modules/pmx/lib/transaction.js:62:21)
    at Object.<anonymous> (/usr/local/lib/node_modules/pm2/lib/ProcessContainerFork.js:28:21)
    at Module._compile (module.js:460:26)
    at Object.Module._extensions..js (module.js:478:10)
Debugger listening on port 5858
Error: Cannot find module '../models/referenceServerModel.js'
    at Function.Module._resolveFilename (module.js:336:15)
    at Function.Module._load (module.js:278:25)
    at Function.<anonymous> (/usr/local/lib/node_modules/pm2/node_modules/pmx/lib/transaction.js:62:21)
    at Module.require (module.js:365:17)
    at require (module.js:384:17)
    at module.exports (/media/jhymer/AllData/projects/js/urlcollector/app/lib/mongoose.js:18:3)
    at /media/jhymer/AllData/projects/js/urlcollector/app/server.js:11:12
    at Object.<anonymous> (/media/jhymer/AllData/projects/js/urlcollector/app/server.js:20:3)
    at Module._compile (module.js:460:26)
    at Object.Module._extensions..js (module.js:478:10)
    at Module.load (module.js:355:32)
    at Function.Module._load (module.js:310:12)
    at Function.<anonymous> (/usr/local/lib/node_modules/pm2/node_modules/pmx/lib/transaction.js:62:21)
    at Object.<anonymous> (/usr/local/lib/node_modules/pm2/lib/ProcessContainerFork.js:28:21)
    at Module._compile (module.js:460:26)
    at Object.Module._extensions..js (module.js:478:10)
Debugger listening on port 5858
Error: Cannot find module '../models/referenceServerModel.js'
    at Function.Module._resolveFilename (module.js:336:15)
    at Function.Module._load (module.js:278:25)
    at Function.<anonymous> (/usr/local/lib/node_modules/pm2/node_modules/pmx/lib/transaction.js:62:21)
    at Module.require (module.js:365:17)
    at require (module.js:384:17)
    at module.exports (/media/jhymer/AllData/projects/js/urlcollector/app/lib/mongoose.js:18:3)
    at /media/jhymer/AllData/projects/js/urlcollector/app/server.js:11:12
    at Object.<anonymous> (/media/jhymer/AllData/projects/js/urlcollector/app/server.js:20:3)
    at Module._compile (module.js:460:26)
    at Object.Module._extensions..js (module.js:478:10)
    at Module.load (module.js:355:32)
    at Function.Module._load (module.js:310:12)
    at Function.<anonymous> (/usr/local/lib/node_modules/pm2/node_modules/pmx/lib/transaction.js:62:21)
    at Object.<anonymous> (/usr/local/lib/node_modules/pm2/lib/ProcessContainerFork.js:28:21)
    at Module._compile (module.js:460:26)
    at Object.Module._extensions..js (module.js:478:10)
Debugger listening on port 5858
Error: Cannot find module '../models/referenceServerModel.js'
    at Function.Module._resolveFilename (module.js:336:15)
    at Function.Module._load (module.js:278:25)
    at Function.<anonymous> (/usr/local/lib/node_modules/pm2/node_modules/pmx/lib/transaction.js:62:21)
    at Module.require (module.js:365:17)
    at require (module.js:384:17)
    at module.exports (/media/jhymer/AllData/projects/js/urlcollector/app/lib/mongoose.js:18:3)
    at /media/jhymer/AllData/projects/js/urlcollector/app/server.js:11:12
    at Object.<anonymous> (/media/jhymer/AllData/projects/js/urlcollector/app/server.js:20:3)
    at Module._compile (module.js:460:26)
    at Object.Module._extensions..js (module.js:478:10)
    at Module.load (module.js:355:32)
    at Function.Module._load (module.js:310:12)
    at Function.<anonymous> (/usr/local/lib/node_modules/pm2/node_modules/pmx/lib/transaction.js:62:21)
    at Object.<anonymous> (/usr/local/lib/node_modules/pm2/lib/ProcessContainerFork.js:28:21)
    at Module._compile (module.js:460:26)
    at Object.Module._extensions..js (module.js:478:10)
Debugger listening on port 5858
Error: Cannot find module '../models/referenceServerModel.js'
    at Function.Module._resolveFilename (module.js:336:15)
    at Function.Module._load (module.js:278:25)
    at Function.<anonymous> (/usr/local/lib/node_modules/pm2/node_modules/pmx/lib/transaction.js:62:21)
    at Module.require (module.js:365:17)
    at require (module.js:384:17)
    at module.exports (/media/jhymer/AllData/projects/js/urlcollector/app/lib/mongoose.js:18:3)
    at /media/jhymer/AllData/projects/js/urlcollector/app/server.js:11:12
    at Object.<anonymous> (/media/jhymer/AllData/projects/js/urlcollector/app/server.js:20:3)
    at Module._compile (module.js:460:26)
    at Object.Module._extensions..js (module.js:478:10)
    at Module.load (module.js:355:32)
    at Function.Module._load (module.js:310:12)
    at Function.<anonymous> (/usr/local/lib/node_modules/pm2/node_modules/pmx/lib/transaction.js:62:21)
    at Object.<anonymous> (/usr/local/lib/node_modules/pm2/lib/ProcessContainerFork.js:28:21)
    at Module._compile (module.js:460:26)
    at Object.Module._extensions..js (module.js:478:10)
Debugger listening on port 5858
Error: Cannot find module '../models/referenceServerModel.js'
    at Function.Module._resolveFilename (module.js:336:15)
    at Function.Module._load (module.js:278:25)
    at Function.<anonymous> (/usr/local/lib/node_modules/pm2/node_modules/pmx/lib/transaction.js:62:21)
    at Module.require (module.js:365:17)
    at require (module.js:384:17)
    at module.exports (/media/jhymer/AllData/projects/js/urlcollector/app/lib/mongoose.js:18:3)
    at /media/jhymer/AllData/projects/js/urlcollector/app/server.js:11:12
    at Object.<anonymous> (/media/jhymer/AllData/projects/js/urlcollector/app/server.js:20:3)
    at Module._compile (module.js:460:26)
    at Object.Module._extensions..js (module.js:478:10)
    at Module.load (module.js:355:32)
    at Function.Module._load (module.js:310:12)
    at Function.<anonymous> (/usr/local/lib/node_modules/pm2/node_modules/pmx/lib/transaction.js:62:21)
    at Object.<anonymous> (/usr/local/lib/node_modules/pm2/lib/ProcessContainerFork.js:28:21)
    at Module._compile (module.js:460:26)
    at Object.Module._extensions..js (module.js:478:10)
Debugger listening on port 5858
Error: Cannot find module '../models/referenceServerModel.js'
    at Function.Module._resolveFilename (module.js:336:15)
    at Function.Module._load (module.js:278:25)
    at Function.<anonymous> (/usr/local/lib/node_modules/pm2/node_modules/pmx/lib/transaction.js:62:21)
    at Module.require (module.js:365:17)
    at require (module.js:384:17)
    at module.exports (/media/jhymer/AllData/projects/js/urlcollector/app/lib/mongoose.js:18:3)
    at /media/jhymer/AllData/projects/js/urlcollector/app/server.js:11:12
    at Object.<anonymous> (/media/jhymer/AllData/projects/js/urlcollector/app/server.js:20:3)
    at Module._compile (module.js:460:26)
    at Object.Module._extensions..js (module.js:478:10)
    at Module.load (module.js:355:32)
    at Function.Module._load (module.js:310:12)
    at Function.<anonymous> (/usr/local/lib/node_modules/pm2/node_modules/pmx/lib/transaction.js:62:21)
    at Object.<anonymous> (/usr/local/lib/node_modules/pm2/lib/ProcessContainerFork.js:28:21)
    at Module._compile (module.js:460:26)
    at Object.Module._extensions..js (module.js:478:10)
Debugger listening on port 5858
Error: Cannot find module '../routes/linkServerRoutes.js'
    at Function.Module._resolveFilename (module.js:336:15)
    at Function.Module._load (module.js:278:25)
    at Function.<anonymous> (/usr/local/lib/node_modules/pm2/node_modules/pmx/lib/transaction.js:62:21)
    at Module.require (module.js:365:17)
    at require (module.js:384:17)
    at module.exports (/media/jhymer/AllData/projects/js/urlcollector/app/lib/express.js:60:3)
    at /media/jhymer/AllData/projects/js/urlcollector/app/server.js:12:13
    at Object.<anonymous> (/media/jhymer/AllData/projects/js/urlcollector/app/server.js:20:3)
    at Module._compile (module.js:460:26)
    at Object.Module._extensions..js (module.js:478:10)
    at Module.load (module.js:355:32)
    at Function.Module._load (module.js:310:12)
    at Function.<anonymous> (/usr/local/lib/node_modules/pm2/node_modules/pmx/lib/transaction.js:62:21)
    at Object.<anonymous> (/usr/local/lib/node_modules/pm2/lib/ProcessContainerFork.js:28:21)
    at Module._compile (module.js:460:26)
    at Object.Module._extensions..js (module.js:478:10)
Debugger listening on port 5858
Error: Cannot find module '../routes/linkServerRoutes.js'
    at Function.Module._resolveFilename (module.js:336:15)
    at Function.Module._load (module.js:278:25)
    at Function.<anonymous> (/usr/local/lib/node_modules/pm2/node_modules/pmx/lib/transaction.js:62:21)
    at Module.require (module.js:365:17)
    at require (module.js:384:17)
    at module.exports (/media/jhymer/AllData/projects/js/urlcollector/app/lib/express.js:60:3)
    at /media/jhymer/AllData/projects/js/urlcollector/app/server.js:12:13
    at Object.<anonymous> (/media/jhymer/AllData/projects/js/urlcollector/app/server.js:20:3)
    at Module._compile (module.js:460:26)
    at Object.Module._extensions..js (module.js:478:10)
    at Module.load (module.js:355:32)
    at Function.Module._load (module.js:310:12)
    at Function.<anonymous> (/usr/local/lib/node_modules/pm2/node_modules/pmx/lib/transaction.js:62:21)
    at Object.<anonymous> (/usr/local/lib/node_modules/pm2/lib/ProcessContainerFork.js:28:21)
    at Module._compile (module.js:460:26)
    at Object.Module._extensions..js (module.js:478:10)
Debugger listening on port 5858
Error: Cannot find module '../routes/linkServerRoutes.js'
    at Function.Module._resolveFilename (module.js:336:15)
    at Function.Module._load (module.js:278:25)
    at Function.<anonymous> (/usr/local/lib/node_modules/pm2/node_modules/pmx/lib/transaction.js:62:21)
    at Module.require (module.js:365:17)
    at require (module.js:384:17)
    at module.exports (/media/jhymer/AllData/projects/js/urlcollector/app/lib/express.js:60:3)
    at /media/jhymer/AllData/projects/js/urlcollector/app/server.js:12:13
    at Object.<anonymous> (/media/jhymer/AllData/projects/js/urlcollector/app/server.js:20:3)
    at Module._compile (module.js:460:26)
    at Object.Module._extensions..js (module.js:478:10)
    at Module.load (module.js:355:32)
    at Function.Module._load (module.js:310:12)
    at Function.<anonymous> (/usr/local/lib/node_modules/pm2/node_modules/pmx/lib/transaction.js:62:21)
    at Object.<anonymous> (/usr/local/lib/node_modules/pm2/lib/ProcessContainerFork.js:28:21)
    at Module._compile (module.js:460:26)
    at Object.Module._extensions..js (module.js:478:10)
Debugger listening on port 5858
Error: Cannot find module '../routes/linkServerRoutes.js'
    at Function.Module._resolveFilename (module.js:336:15)
    at Function.Module._load (module.js:278:25)
    at Function.<anonymous> (/usr/local/lib/node_modules/pm2/node_modules/pmx/lib/transaction.js:62:21)
    at Module.require (module.js:365:17)
    at require (module.js:384:17)
    at module.exports (/media/jhymer/AllData/projects/js/urlcollector/app/lib/express.js:60:3)
    at /media/jhymer/AllData/projects/js/urlcollector/app/server.js:12:13
    at Object.<anonymous> (/media/jhymer/AllData/projects/js/urlcollector/app/server.js:20:3)
    at Module._compile (module.js:460:26)
    at Object.Module._extensions..js (module.js:478:10)
    at Module.load (module.js:355:32)
    at Function.Module._load (module.js:310:12)
    at Function.<anonymous> (/usr/local/lib/node_modules/pm2/node_modules/pmx/lib/transaction.js:62:21)
    at Object.<anonymous> (/usr/local/lib/node_modules/pm2/lib/ProcessContainerFork.js:28:21)
    at Module._compile (module.js:460:26)
    at Object.Module._extensions..js (module.js:478:10)
Debugger listening on port 5858
Error: Cannot find module '../routes/linkServerRoutes.js'
    at Function.Module._resolveFilename (module.js:336:15)
    at Function.Module._load (module.js:278:25)
    at Function.<anonymous> (/usr/local/lib/node_modules/pm2/node_modules/pmx/lib/transaction.js:62:21)
    at Module.require (module.js:365:17)
    at require (module.js:384:17)
    at module.exports (/media/jhymer/AllData/projects/js/urlcollector/app/lib/express.js:60:3)
    at /media/jhymer/AllData/projects/js/urlcollector/app/server.js:12:13
    at Object.<anonymous> (/media/jhymer/AllData/projects/js/urlcollector/app/server.js:20:3)
    at Module._compile (module.js:460:26)
    at Object.Module._extensions..js (module.js:478:10)
    at Module.load (module.js:355:32)
    at Function.Module._load (module.js:310:12)
    at Function.<anonymous> (/usr/local/lib/node_modules/pm2/node_modules/pmx/lib/transaction.js:62:21)
    at Object.<anonymous> (/usr/local/lib/node_modules/pm2/lib/ProcessContainerFork.js:28:21)
    at Module._compile (module.js:460:26)
    at Object.Module._extensions..js (module.js:478:10)
Debugger listening on port 5858
Error: Cannot find module '../routes/linkServerRoutes.js'
    at Function.Module._resolveFilename (module.js:336:15)
    at Function.Module._load (module.js:278:25)
    at Function.<anonymous> (/usr/local/lib/node_modules/pm2/node_modules/pmx/lib/transaction.js:62:21)
    at Module.require (module.js:365:17)
    at require (module.js:384:17)
    at module.exports (/media/jhymer/AllData/projects/js/urlcollector/app/lib/express.js:60:3)
    at /media/jhymer/AllData/projects/js/urlcollector/app/server.js:12:13
    at Object.<anonymous> (/media/jhymer/AllData/projects/js/urlcollector/app/server.js:20:3)
    at Module._compile (module.js:460:26)
    at Object.Module._extensions..js (module.js:478:10)
    at Module.load (module.js:355:32)
    at Function.Module._load (module.js:310:12)
    at Function.<anonymous> (/usr/local/lib/node_modules/pm2/node_modules/pmx/lib/transaction.js:62:21)
    at Object.<anonymous> (/usr/local/lib/node_modules/pm2/lib/ProcessContainerFork.js:28:21)
    at Module._compile (module.js:460:26)
    at Object.Module._extensions..js (module.js:478:10)
Debugger listening on port 5858
Error: Cannot find module '../routes/linkServerRoutes.js'
    at Function.Module._resolveFilename (module.js:336:15)
    at Function.Module._load (module.js:278:25)
    at Function.<anonymous> (/usr/local/lib/node_modules/pm2/node_modules/pmx/lib/transaction.js:62:21)
    at Module.require (module.js:365:17)
    at require (module.js:384:17)
    at module.exports (/media/jhymer/AllData/projects/js/urlcollector/app/lib/express.js:60:3)
    at /media/jhymer/AllData/projects/js/urlcollector/app/server.js:12:13
    at Object.<anonymous> (/media/jhymer/AllData/projects/js/urlcollector/app/server.js:20:3)
    at Module._compile (module.js:460:26)
    at Object.Module._extensions..js (module.js:478:10)
    at Module.load (module.js:355:32)
    at Function.Module._load (module.js:310:12)
    at Function.<anonymous> (/usr/local/lib/node_modules/pm2/node_modules/pmx/lib/transaction.js:62:21)
    at Object.<anonymous> (/usr/local/lib/node_modules/pm2/lib/ProcessContainerFork.js:28:21)
    at Module._compile (module.js:460:26)
    at Object.Module._extensions..js (module.js:478:10)
Debugger listening on port 5858
Error: Cannot find module '../routes/linkServerRoutes.js'
    at Function.Module._resolveFilename (module.js:336:15)
    at Function.Module._load (module.js:278:25)
    at Function.<anonymous> (/usr/local/lib/node_modules/pm2/node_modules/pmx/lib/transaction.js:62:21)
    at Module.require (module.js:365:17)
    at require (module.js:384:17)
    at module.exports (/media/jhymer/AllData/projects/js/urlcollector/app/lib/express.js:60:3)
    at /media/jhymer/AllData/projects/js/urlcollector/app/server.js:12:13
    at Object.<anonymous> (/media/jhymer/AllData/projects/js/urlcollector/app/server.js:20:3)
    at Module._compile (module.js:460:26)
    at Object.Module._extensions..js (module.js:478:10)
    at Module.load (module.js:355:32)
    at Function.Module._load (module.js:310:12)
    at Function.<anonymous> (/usr/local/lib/node_modules/pm2/node_modules/pmx/lib/transaction.js:62:21)
    at Object.<anonymous> (/usr/local/lib/node_modules/pm2/lib/ProcessContainerFork.js:28:21)
    at Module._compile (module.js:460:26)
    at Object.Module._extensions..js (module.js:478:10)
Debugger listening on port 5858
Error: Cannot find module '../routes/linkServerRoutes.js'
    at Function.Module._resolveFilename (module.js:336:15)
    at Function.Module._load (module.js:278:25)
    at Function.<anonymous> (/usr/local/lib/node_modules/pm2/node_modules/pmx/lib/transaction.js:62:21)
    at Module.require (module.js:365:17)
    at require (module.js:384:17)
    at module.exports (/media/jhymer/AllData/projects/js/urlcollector/app/lib/express.js:60:3)
    at /media/jhymer/AllData/projects/js/urlcollector/app/server.js:12:13
    at Object.<anonymous> (/media/jhymer/AllData/projects/js/urlcollector/app/server.js:20:3)
    at Module._compile (module.js:460:26)
    at Object.Module._extensions..js (module.js:478:10)
    at Module.load (module.js:355:32)
    at Function.Module._load (module.js:310:12)
    at Function.<anonymous> (/usr/local/lib/node_modules/pm2/node_modules/pmx/lib/transaction.js:62:21)
    at Object.<anonymous> (/usr/local/lib/node_modules/pm2/lib/ProcessContainerFork.js:28:21)
    at Module._compile (module.js:460:26)
    at Object.Module._extensions..js (module.js:478:10)
Debugger listening on port 5858
Error: Cannot find module '../routes/linkServerRoutes.js'
    at Function.Module._resolveFilename (module.js:336:15)
    at Function.Module._load (module.js:278:25)
    at Function.<anonymous> (/usr/local/lib/node_modules/pm2/node_modules/pmx/lib/transaction.js:62:21)
    at Module.require (module.js:365:17)
    at require (module.js:384:17)
    at module.exports (/media/jhymer/AllData/projects/js/urlcollector/app/lib/express.js:60:3)
    at /media/jhymer/AllData/projects/js/urlcollector/app/server.js:12:13
    at Object.<anonymous> (/media/jhymer/AllData/projects/js/urlcollector/app/server.js:20:3)
    at Module._compile (module.js:460:26)
    at Object.Module._extensions..js (module.js:478:10)
    at Module.load (module.js:355:32)
    at Function.Module._load (module.js:310:12)
    at Function.<anonymous> (/usr/local/lib/node_modules/pm2/node_modules/pmx/lib/transaction.js:62:21)
    at Object.<anonymous> (/usr/local/lib/node_modules/pm2/lib/ProcessContainerFork.js:28:21)
    at Module._compile (module.js:460:26)
    at Object.Module._extensions..js (module.js:478:10)
Debugger listening on port 5858
Error: Cannot find module '../routes/linkServerRoutes.js'
    at Function.Module._resolveFilename (module.js:336:15)
    at Function.Module._load (module.js:278:25)
    at Function.<anonymous> (/usr/local/lib/node_modules/pm2/node_modules/pmx/lib/transaction.js:62:21)
    at Module.require (module.js:365:17)
    at require (module.js:384:17)
    at module.exports (/media/jhymer/AllData/projects/js/urlcollector/app/lib/express.js:60:3)
    at /media/jhymer/AllData/projects/js/urlcollector/app/server.js:12:13
    at Object.<anonymous> (/media/jhymer/AllData/projects/js/urlcollector/app/server.js:20:3)
    at Module._compile (module.js:460:26)
    at Object.Module._extensions..js (module.js:478:10)
    at Module.load (module.js:355:32)
    at Function.Module._load (module.js:310:12)
    at Function.<anonymous> (/usr/local/lib/node_modules/pm2/node_modules/pmx/lib/transaction.js:62:21)
    at Object.<anonymous> (/usr/local/lib/node_modules/pm2/lib/ProcessContainerFork.js:28:21)
    at Module._compile (module.js:460:26)
    at Object.Module._extensions..js (module.js:478:10)
Debugger listening on port 5858
Error: Cannot find module '../routes/linkServerRoutes.js'
    at Function.Module._resolveFilename (module.js:336:15)
    at Function.Module._load (module.js:278:25)
    at Function.<anonymous> (/usr/local/lib/node_modules/pm2/node_modules/pmx/lib/transaction.js:62:21)
    at Module.require (module.js:365:17)
    at require (module.js:384:17)
    at module.exports (/media/jhymer/AllData/projects/js/urlcollector/app/lib/express.js:60:3)
    at /media/jhymer/AllData/projects/js/urlcollector/app/server.js:12:13
    at Object.<anonymous> (/media/jhymer/AllData/projects/js/urlcollector/app/server.js:20:3)
    at Module._compile (module.js:460:26)
    at Object.Module._extensions..js (module.js:478:10)
    at Module.load (module.js:355:32)
    at Function.Module._load (module.js:310:12)
    at Function.<anonymous> (/usr/local/lib/node_modules/pm2/node_modules/pmx/lib/transaction.js:62:21)
    at Object.<anonymous> (/usr/local/lib/node_modules/pm2/lib/ProcessContainerFork.js:28:21)
    at Module._compile (module.js:460:26)
    at Object.Module._extensions..js (module.js:478:10)
Debugger listening on port 5858
Error: Cannot find module '../routes/linkServerRoutes.js'
    at Function.Module._resolveFilename (module.js:336:15)
    at Function.Module._load (module.js:278:25)
    at Function.<anonymous> (/usr/local/lib/node_modules/pm2/node_modules/pmx/lib/transaction.js:62:21)
    at Module.require (module.js:365:17)
    at require (module.js:384:17)
    at module.exports (/media/jhymer/AllData/projects/js/urlcollector/app/lib/express.js:60:3)
    at /media/jhymer/AllData/projects/js/urlcollector/app/server.js:12:13
    at Object.<anonymous> (/media/jhymer/AllData/projects/js/urlcollector/app/server.js:20:3)
    at Module._compile (module.js:460:26)
    at Object.Module._extensions..js (module.js:478:10)
    at Module.load (module.js:355:32)
    at Function.Module._load (module.js:310:12)
    at Function.<anonymous> (/usr/local/lib/node_modules/pm2/node_modules/pmx/lib/transaction.js:62:21)
    at Object.<anonymous> (/usr/local/lib/node_modules/pm2/lib/ProcessContainerFork.js:28:21)
    at Module._compile (module.js:460:26)
    at Object.Module._extensions..js (module.js:478:10)
Debugger listening on port 5858
Error: Cannot find module '../routes/linkServerRoutes.js'
    at Function.Module._resolveFilename (module.js:336:15)
    at Function.Module._load (module.js:278:25)
    at Function.<anonymous> (/usr/local/lib/node_modules/pm2/node_modules/pmx/lib/transaction.js:62:21)
    at Module.require (module.js:365:17)
    at require (module.js:384:17)
    at module.exports (/media/jhymer/AllData/projects/js/urlcollector/app/lib/express.js:60:3)
    at /media/jhymer/AllData/projects/js/urlcollector/app/server.js:12:13
    at Object.<anonymous> (/media/jhymer/AllData/projects/js/urlcollector/app/server.js:20:3)
    at Module._compile (module.js:460:26)
    at Object.Module._extensions..js (module.js:478:10)
    at Module.load (module.js:355:32)
    at Function.Module._load (module.js:310:12)
    at Function.<anonymous> (/usr/local/lib/node_modules/pm2/node_modules/pmx/lib/transaction.js:62:21)
    at Object.<anonymous> (/usr/local/lib/node_modules/pm2/lib/ProcessContainerFork.js:28:21)
    at Module._compile (module.js:460:26)
    at Object.Module._extensions..js (module.js:478:10)
Debugger listening on port 5858
Error: Cannot find module '../routes/linkServerRoutes.js'
    at Function.Module._resolveFilename (module.js:336:15)
    at Function.Module._load (module.js:278:25)
    at Function.<anonymous> (/usr/local/lib/node_modules/pm2/node_modules/pmx/lib/transaction.js:62:21)
    at Module.require (module.js:365:17)
    at require (module.js:384:17)
    at module.exports (/media/jhymer/AllData/projects/js/urlcollector/app/lib/express.js:60:3)
    at /media/jhymer/AllData/projects/js/urlcollector/app/server.js:12:13
    at Object.<anonymous> (/media/jhymer/AllData/projects/js/urlcollector/app/server.js:20:3)
    at Module._compile (module.js:460:26)
    at Object.Module._extensions..js (module.js:478:10)
    at Module.load (module.js:355:32)
    at Function.Module._load (module.js:310:12)
    at Function.<anonymous> (/usr/local/lib/node_modules/pm2/node_modules/pmx/lib/transaction.js:62:21)
    at Object.<anonymous> (/usr/local/lib/node_modules/pm2/lib/ProcessContainerFork.js:28:21)
    at Module._compile (module.js:460:26)
    at Object.Module._extensions..js (module.js:478:10)
Debugger listening on port 5858
Error: Cannot find module '../routes/linkServerRoutes.js'
    at Function.Module._resolveFilename (module.js:336:15)
    at Function.Module._load (module.js:278:25)
    at Function.<anonymous> (/usr/local/lib/node_modules/pm2/node_modules/pmx/lib/transaction.js:62:21)
    at Module.require (module.js:365:17)
    at require (module.js:384:17)
    at module.exports (/media/jhymer/AllData/projects/js/urlcollector/app/lib/express.js:60:3)
    at /media/jhymer/AllData/projects/js/urlcollector/app/server.js:12:13
    at Object.<anonymous> (/media/jhymer/AllData/projects/js/urlcollector/app/server.js:20:3)
    at Module._compile (module.js:460:26)
    at Object.Module._extensions..js (module.js:478:10)
    at Module.load (module.js:355:32)
    at Function.Module._load (module.js:310:12)
    at Function.<anonymous> (/usr/local/lib/node_modules/pm2/node_modules/pmx/lib/transaction.js:62:21)
    at Object.<anonymous> (/usr/local/lib/node_modules/pm2/lib/ProcessContainerFork.js:28:21)
    at Module._compile (module.js:460:26)
    at Object.Module._extensions..js (module.js:478:10)
Debugger listening on port 5858
Error: Cannot find module '../routes/linkServerRoutes.js'
    at Function.Module._resolveFilename (module.js:336:15)
    at Function.Module._load (module.js:278:25)
    at Function.<anonymous> (/usr/local/lib/node_modules/pm2/node_modules/pmx/lib/transaction.js:62:21)
    at Module.require (module.js:365:17)
    at require (module.js:384:17)
    at module.exports (/media/jhymer/AllData/projects/js/urlcollector/app/lib/express.js:60:3)
    at /media/jhymer/AllData/projects/js/urlcollector/app/server.js:12:13
    at Object.<anonymous> (/media/jhymer/AllData/projects/js/urlcollector/app/server.js:20:3)
    at Module._compile (module.js:460:26)
    at Object.Module._extensions..js (module.js:478:10)
    at Module.load (module.js:355:32)
    at Function.Module._load (module.js:310:12)
    at Function.<anonymous> (/usr/local/lib/node_modules/pm2/node_modules/pmx/lib/transaction.js:62:21)
    at Object.<anonymous> (/usr/local/lib/node_modules/pm2/lib/ProcessContainerFork.js:28:21)
    at Module._compile (module.js:460:26)
    at Object.Module._extensions..js (module.js:478:10)
Debugger listening on port 5858
Error: Cannot find module '../routes/linkServerRoutes.js'
    at Function.Module._resolveFilename (module.js:336:15)
    at Function.Module._load (module.js:278:25)
    at Function.<anonymous> (/usr/local/lib/node_modules/pm2/node_modules/pmx/lib/transaction.js:62:21)
    at Module.require (module.js:365:17)
    at require (module.js:384:17)
    at module.exports (/media/jhymer/AllData/projects/js/urlcollector/app/lib/express.js:60:3)
    at /media/jhymer/AllData/projects/js/urlcollector/app/server.js:12:13
    at Object.<anonymous> (/media/jhymer/AllData/projects/js/urlcollector/app/server.js:20:3)
    at Module._compile (module.js:460:26)
    at Object.Module._extensions..js (module.js:478:10)
    at Module.load (module.js:355:32)
    at Function.Module._load (module.js:310:12)
    at Function.<anonymous> (/usr/local/lib/node_modules/pm2/node_modules/pmx/lib/transaction.js:62:21)
    at Object.<anonymous> (/usr/local/lib/node_modules/pm2/lib/ProcessContainerFork.js:28:21)
    at Module._compile (module.js:460:26)
    at Object.Module._extensions..js (module.js:478:10)
Debugger listening on port 5858
Error: Cannot find module '../routes/linkServerRoutes.js'
    at Function.Module._resolveFilename (module.js:336:15)
    at Function.Module._load (module.js:278:25)
    at Function.<anonymous> (/usr/local/lib/node_modules/pm2/node_modules/pmx/lib/transaction.js:62:21)
    at Module.require (module.js:365:17)
    at require (module.js:384:17)
    at module.exports (/media/jhymer/AllData/projects/js/urlcollector/app/lib/express.js:60:3)
    at /media/jhymer/AllData/projects/js/urlcollector/app/server.js:12:13
    at Object.<anonymous> (/media/jhymer/AllData/projects/js/urlcollector/app/server.js:20:3)
    at Module._compile (module.js:460:26)
    at Object.Module._extensions..js (module.js:478:10)
    at Module.load (module.js:355:32)
    at Function.Module._load (module.js:310:12)
    at Function.<anonymous> (/usr/local/lib/node_modules/pm2/node_modules/pmx/lib/transaction.js:62:21)
    at Object.<anonymous> (/usr/local/lib/node_modules/pm2/lib/ProcessContainerFork.js:28:21)
    at Module._compile (module.js:460:26)
    at Object.Module._extensions..js (module.js:478:10)
Debugger listening on port 5858
Error: Cannot find module '../routes/linkServerRoutes.js'
    at Function.Module._resolveFilename (module.js:336:15)
    at Function.Module._load (module.js:278:25)
    at Function.<anonymous> (/usr/local/lib/node_modules/pm2/node_modules/pmx/lib/transaction.js:62:21)
    at Module.require (module.js:365:17)
    at require (module.js:384:17)
    at module.exports (/media/jhymer/AllData/projects/js/urlcollector/app/lib/express.js:60:3)
    at /media/jhymer/AllData/projects/js/urlcollector/app/server.js:12:13
    at Object.<anonymous> (/media/jhymer/AllData/projects/js/urlcollector/app/server.js:20:3)
    at Module._compile (module.js:460:26)
    at Object.Module._extensions..js (module.js:478:10)
    at Module.load (module.js:355:32)
    at Function.Module._load (module.js:310:12)
    at Function.<anonymous> (/usr/local/lib/node_modules/pm2/node_modules/pmx/lib/transaction.js:62:21)
    at Object.<anonymous> (/usr/local/lib/node_modules/pm2/lib/ProcessContainerFork.js:28:21)
    at Module._compile (module.js:460:26)
    at Object.Module._extensions..js (module.js:478:10)
Debugger listening on port 5858
Error: Cannot find module '../routes/linkServerRoutes.js'
    at Function.Module._resolveFilename (module.js:336:15)
    at Function.Module._load (module.js:278:25)
    at Function.<anonymous> (/usr/local/lib/node_modules/pm2/node_modules/pmx/lib/transaction.js:62:21)
    at Module.require (module.js:365:17)
    at require (module.js:384:17)
    at module.exports (/media/jhymer/AllData/projects/js/urlcollector/app/lib/express.js:60:3)
    at /media/jhymer/AllData/projects/js/urlcollector/app/server.js:12:13
    at Object.<anonymous> (/media/jhymer/AllData/projects/js/urlcollector/app/server.js:20:3)
    at Module._compile (module.js:460:26)
    at Object.Module._extensions..js (module.js:478:10)
    at Module.load (module.js:355:32)
    at Function.Module._load (module.js:310:12)
    at Function.<anonymous> (/usr/local/lib/node_modules/pm2/node_modules/pmx/lib/transaction.js:62:21)
    at Object.<anonymous> (/usr/local/lib/node_modules/pm2/lib/ProcessContainerFork.js:28:21)
    at Module._compile (module.js:460:26)
    at Object.Module._extensions..js (module.js:478:10)
Debugger listening on port 5858
Error: Cannot find module '../routes/linkServerRoutes.js'
    at Function.Module._resolveFilename (module.js:336:15)
    at Function.Module._load (module.js:278:25)
    at Function.<anonymous> (/usr/local/lib/node_modules/pm2/node_modules/pmx/lib/transaction.js:62:21)
    at Module.require (module.js:365:17)
    at require (module.js:384:17)
    at module.exports (/media/jhymer/AllData/projects/js/urlcollector/app/lib/express.js:60:3)
    at /media/jhymer/AllData/projects/js/urlcollector/app/server.js:12:13
    at Object.<anonymous> (/media/jhymer/AllData/projects/js/urlcollector/app/server.js:20:3)
    at Module._compile (module.js:460:26)
    at Object.Module._extensions..js (module.js:478:10)
    at Module.load (module.js:355:32)
    at Function.Module._load (module.js:310:12)
    at Function.<anonymous> (/usr/local/lib/node_modules/pm2/node_modules/pmx/lib/transaction.js:62:21)
    at Object.<anonymous> (/usr/local/lib/node_modules/pm2/lib/ProcessContainerFork.js:28:21)
    at Module._compile (module.js:460:26)
    at Object.Module._extensions..js (module.js:478:10)
Debugger listening on port 5858
Error: Cannot find module '../routes/linkServerRoutes.js'
    at Function.Module._resolveFilename (module.js:336:15)
    at Function.Module._load (module.js:278:25)
    at Function.<anonymous> (/usr/local/lib/node_modules/pm2/node_modules/pmx/lib/transaction.js:62:21)
    at Module.require (module.js:365:17)
    at require (module.js:384:17)
    at module.exports (/media/jhymer/AllData/projects/js/urlcollector/app/lib/express.js:60:3)
    at /media/jhymer/AllData/projects/js/urlcollector/app/server.js:12:13
    at Object.<anonymous> (/media/jhymer/AllData/projects/js/urlcollector/app/server.js:20:3)
    at Module._compile (module.js:460:26)
    at Object.Module._extensions..js (module.js:478:10)
    at Module.load (module.js:355:32)
    at Function.Module._load (module.js:310:12)
    at Function.<anonymous> (/usr/local/lib/node_modules/pm2/node_modules/pmx/lib/transaction.js:62:21)
    at Object.<anonymous> (/usr/local/lib/node_modules/pm2/lib/ProcessContainerFork.js:28:21)
    at Module._compile (module.js:460:26)
    at Object.Module._extensions..js (module.js:478:10)
Debugger listening on port 5858
Error: Cannot find module '../routes/linkServerRoutes.js'
    at Function.Module._resolveFilename (module.js:336:15)
    at Function.Module._load (module.js:278:25)
    at Function.<anonymous> (/usr/local/lib/node_modules/pm2/node_modules/pmx/lib/transaction.js:62:21)
    at Module.require (module.js:365:17)
    at require (module.js:384:17)
    at module.exports (/media/jhymer/AllData/projects/js/urlcollector/app/lib/express.js:60:3)
    at /media/jhymer/AllData/projects/js/urlcollector/app/server.js:12:13
    at Object.<anonymous> (/media/jhymer/AllData/projects/js/urlcollector/app/server.js:20:3)
    at Module._compile (module.js:460:26)
    at Object.Module._extensions..js (module.js:478:10)
    at Module.load (module.js:355:32)
    at Function.Module._load (module.js:310:12)
    at Function.<anonymous> (/usr/local/lib/node_modules/pm2/node_modules/pmx/lib/transaction.js:62:21)
    at Object.<anonymous> (/usr/local/lib/node_modules/pm2/lib/ProcessContainerFork.js:28:21)
    at Module._compile (module.js:460:26)
    at Object.Module._extensions..js (module.js:478:10)
Debugger listening on port 5858
Error: Cannot find module '../routes/linkServerRoutes.js'
    at Function.Module._resolveFilename (module.js:336:15)
    at Function.Module._load (module.js:278:25)
    at Function.<anonymous> (/usr/local/lib/node_modules/pm2/node_modules/pmx/lib/transaction.js:62:21)
    at Module.require (module.js:365:17)
    at require (module.js:384:17)
    at module.exports (/media/jhymer/AllData/projects/js/urlcollector/app/lib/express.js:60:3)
    at /media/jhymer/AllData/projects/js/urlcollector/app/server.js:12:13
    at Object.<anonymous> (/media/jhymer/AllData/projects/js/urlcollector/app/server.js:20:3)
    at Module._compile (module.js:460:26)
    at Object.Module._extensions..js (module.js:478:10)
    at Module.load (module.js:355:32)
    at Function.Module._load (module.js:310:12)
    at Function.<anonymous> (/usr/local/lib/node_modules/pm2/node_modules/pmx/lib/transaction.js:62:21)
    at Object.<anonymous> (/usr/local/lib/node_modules/pm2/lib/ProcessContainerFork.js:28:21)
    at Module._compile (module.js:460:26)
    at Object.Module._extensions..js (module.js:478:10)
Debugger listening on port 5858
Error: Cannot find module '../routes/linkServerRoutes.js'
    at Function.Module._resolveFilename (module.js:336:15)
    at Function.Module._load (module.js:278:25)
    at Function.<anonymous> (/usr/local/lib/node_modules/pm2/node_modules/pmx/lib/transaction.js:62:21)
    at Module.require (module.js:365:17)
    at require (module.js:384:17)
    at module.exports (/media/jhymer/AllData/projects/js/urlcollector/app/lib/express.js:60:3)
    at /media/jhymer/AllData/projects/js/urlcollector/app/server.js:12:13
    at Object.<anonymous> (/media/jhymer/AllData/projects/js/urlcollector/app/server.js:20:3)
    at Module._compile (module.js:460:26)
    at Object.Module._extensions..js (module.js:478:10)
    at Module.load (module.js:355:32)
    at Function.Module._load (module.js:310:12)
    at Function.<anonymous> (/usr/local/lib/node_modules/pm2/node_modules/pmx/lib/transaction.js:62:21)
    at Object.<anonymous> (/usr/local/lib/node_modules/pm2/lib/ProcessContainerFork.js:28:21)
    at Module._compile (module.js:460:26)
    at Object.Module._extensions..js (module.js:478:10)
Debugger listening on port 5858
Error: Cannot find module '../routes/linkServerRoutes.js'
    at Function.Module._resolveFilename (module.js:336:15)
    at Function.Module._load (module.js:278:25)
    at Function.<anonymous> (/usr/local/lib/node_modules/pm2/node_modules/pmx/lib/transaction.js:62:21)
    at Module.require (module.js:365:17)
    at require (module.js:384:17)
    at module.exports (/media/jhymer/AllData/projects/js/urlcollector/app/lib/express.js:60:3)
    at /media/jhymer/AllData/projects/js/urlcollector/app/server.js:12:13
    at Object.<anonymous> (/media/jhymer/AllData/projects/js/urlcollector/app/server.js:20:3)
    at Module._compile (module.js:460:26)
    at Object.Module._extensions..js (module.js:478:10)
    at Module.load (module.js:355:32)
    at Function.Module._load (module.js:310:12)
    at Function.<anonymous> (/usr/local/lib/node_modules/pm2/node_modules/pmx/lib/transaction.js:62:21)
    at Object.<anonymous> (/usr/local/lib/node_modules/pm2/lib/ProcessContainerFork.js:28:21)
    at Module._compile (module.js:460:26)
    at Object.Module._extensions..js (module.js:478:10)
Debugger listening on port 5858
Error: Cannot find module '../routes/linkServerRoutes.js'
    at Function.Module._resolveFilename (module.js:336:15)
    at Function.Module._load (module.js:278:25)
    at Function.<anonymous> (/usr/local/lib/node_modules/pm2/node_modules/pmx/lib/transaction.js:62:21)
    at Module.require (module.js:365:17)
    at require (module.js:384:17)
    at module.exports (/media/jhymer/AllData/projects/js/urlcollector/app/lib/express.js:60:3)
    at /media/jhymer/AllData/projects/js/urlcollector/app/server.js:12:13
    at Object.<anonymous> (/media/jhymer/AllData/projects/js/urlcollector/app/server.js:20:3)
    at Module._compile (module.js:460:26)
    at Object.Module._extensions..js (module.js:478:10)
    at Module.load (module.js:355:32)
    at Function.Module._load (module.js:310:12)
    at Function.<anonymous> (/usr/local/lib/node_modules/pm2/node_modules/pmx/lib/transaction.js:62:21)
    at Object.<anonymous> (/usr/local/lib/node_modules/pm2/lib/ProcessContainerFork.js:28:21)
    at Module._compile (module.js:460:26)
    at Object.Module._extensions..js (module.js:478:10)
Debugger listening on port 5858
Error: Cannot find module '../routes/linkServerRoutes.js'
    at Function.Module._resolveFilename (module.js:336:15)
    at Function.Module._load (module.js:278:25)
    at Function.<anonymous> (/usr/local/lib/node_modules/pm2/node_modules/pmx/lib/transaction.js:62:21)
    at Module.require (module.js:365:17)
    at require (module.js:384:17)
    at module.exports (/media/jhymer/AllData/projects/js/urlcollector/app/lib/express.js:60:3)
    at /media/jhymer/AllData/projects/js/urlcollector/app/server.js:12:13
    at Object.<anonymous> (/media/jhymer/AllData/projects/js/urlcollector/app/server.js:20:3)
    at Module._compile (module.js:460:26)
    at Object.Module._extensions..js (module.js:478:10)
    at Module.load (module.js:355:32)
    at Function.Module._load (module.js:310:12)
    at Function.<anonymous> (/usr/local/lib/node_modules/pm2/node_modules/pmx/lib/transaction.js:62:21)
    at Object.<anonymous> (/usr/local/lib/node_modules/pm2/lib/ProcessContainerFork.js:28:21)
    at Module._compile (module.js:460:26)
    at Object.Module._extensions..js (module.js:478:10)
Debugger listening on port 5858
Error: Cannot find module '../routes/linkServerRoutes.js'
    at Function.Module._resolveFilename (module.js:336:15)
    at Function.Module._load (module.js:278:25)
    at Function.<anonymous> (/usr/local/lib/node_modules/pm2/node_modules/pmx/lib/transaction.js:62:21)
    at Module.require (module.js:365:17)
    at require (module.js:384:17)
    at module.exports (/media/jhymer/AllData/projects/js/urlcollector/app/lib/express.js:60:3)
    at /media/jhymer/AllData/projects/js/urlcollector/app/server.js:12:13
    at Object.<anonymous> (/media/jhymer/AllData/projects/js/urlcollector/app/server.js:20:3)
    at Module._compile (module.js:460:26)
    at Object.Module._extensions..js (module.js:478:10)
    at Module.load (module.js:355:32)
    at Function.Module._load (module.js:310:12)
    at Function.<anonymous> (/usr/local/lib/node_modules/pm2/node_modules/pmx/lib/transaction.js:62:21)
    at Object.<anonymous> (/usr/local/lib/node_modules/pm2/lib/ProcessContainerFork.js:28:21)
    at Module._compile (module.js:460:26)
    at Object.Module._extensions..js (module.js:478:10)
Debugger listening on port 5858
Debugger listening on port 5858
SyntaxError: Unexpected token 
    at Object.parse (native)
    at Object.jwt_decode [as decode] (/media/jhymer/AllData/projects/js/urlcollector/node_modules/jwt-simple/lib/jwt.js:71:22)
    at exports.ensureAuthenticated (/media/jhymer/AllData/projects/js/urlcollector/app/controllers/userServerController.js:139:23)
    at Layer.handle [as handle_request] (/media/jhymer/AllData/projects/js/urlcollector/node_modules/express/lib/router/layer.js:82:5)
    at next (/media/jhymer/AllData/projects/js/urlcollector/node_modules/express/lib/router/route.js:100:13)
    at Route.dispatch (/media/jhymer/AllData/projects/js/urlcollector/node_modules/express/lib/router/route.js:81:3)
    at Layer.handle [as handle_request] (/media/jhymer/AllData/projects/js/urlcollector/node_modules/express/lib/router/layer.js:82:5)
    at /media/jhymer/AllData/projects/js/urlcollector/node_modules/express/lib/router/index.js:234:24
    at Function.proto.process_params (/media/jhymer/AllData/projects/js/urlcollector/node_modules/express/lib/router/index.js:312:12)
    at /media/jhymer/AllData/projects/js/urlcollector/node_modules/express/lib/router/index.js:228:12
    at Function.match_layer (/media/jhymer/AllData/projects/js/urlcollector/node_modules/express/lib/router/index.js:295:3)
    at next (/media/jhymer/AllData/projects/js/urlcollector/node_modules/express/lib/router/index.js:189:10)
    at /media/jhymer/AllData/projects/js/urlcollector/node_modules/express/lib/router/index.js:191:16
    at Function.match_layer (/media/jhymer/AllData/projects/js/urlcollector/node_modules/express/lib/router/index.js:295:3)
    at next (/media/jhymer/AllData/projects/js/urlcollector/node_modules/express/lib/router/index.js:189:10)
    at /media/jhymer/AllData/projects/js/urlcollector/node_modules/express/lib/router/index.js:191:16
SyntaxError: Unexpected token 
    at Object.parse (native)
    at Object.jwt_decode [as decode] (/media/jhymer/AllData/projects/js/urlcollector/node_modules/jwt-simple/lib/jwt.js:70:21)
    at exports.ensureAuthenticated (/media/jhymer/AllData/projects/js/urlcollector/app/controllers/userServerController.js:139:23)
    at Layer.handle [as handle_request] (/media/jhymer/AllData/projects/js/urlcollector/node_modules/express/lib/router/layer.js:82:5)
    at next (/media/jhymer/AllData/projects/js/urlcollector/node_modules/express/lib/router/route.js:100:13)
    at Route.dispatch (/media/jhymer/AllData/projects/js/urlcollector/node_modules/express/lib/router/route.js:81:3)
    at Layer.handle [as handle_request] (/media/jhymer/AllData/projects/js/urlcollector/node_modules/express/lib/router/layer.js:82:5)
    at /media/jhymer/AllData/projects/js/urlcollector/node_modules/express/lib/router/index.js:234:24
    at Function.proto.process_params (/media/jhymer/AllData/projects/js/urlcollector/node_modules/express/lib/router/index.js:312:12)
    at /media/jhymer/AllData/projects/js/urlcollector/node_modules/express/lib/router/index.js:228:12
    at Function.match_layer (/media/jhymer/AllData/projects/js/urlcollector/node_modules/express/lib/router/index.js:295:3)
    at next (/media/jhymer/AllData/projects/js/urlcollector/node_modules/express/lib/router/index.js:189:10)
    at /media/jhymer/AllData/projects/js/urlcollector/node_modules/express/lib/router/index.js:191:16
    at Function.match_layer (/media/jhymer/AllData/projects/js/urlcollector/node_modules/express/lib/router/index.js:295:3)
    at next (/media/jhymer/AllData/projects/js/urlcollector/node_modules/express/lib/router/index.js:189:10)
    at /media/jhymer/AllData/projects/js/urlcollector/node_modules/express/lib/router/index.js:191:16
Debugger listening on port 5858
Debugger listening on port 5858
