[Error: Module did not self-register.]
Aplicacion escuchando en puerto 9000
Conexion exitososa a mongodb
[0mGET / [31m500 [0m69.013 ms - 2494[0m
[0mGET /favicon.ico [33m404 [0m3.446 ms - 24[0m
[Error: Module did not self-register.]
Aplicacion escuchando en puerto 9000
Conexion exitososa a mongodb
[Error: Module did not self-register.]
Aplicacion escuchando en puerto 9000
Conexion exitososa a mongodb
[0mGET / [31m500 [0m23.514 ms - 2495[0m
[0mGET / [31m500 [0m11.181 ms - 2495[0m
[0mGET / [31m500 [0m3.938 ms - 2495[0m
[0mGET / [31m500 [0m4.183 ms - 2495[0m
[Error: Module did not self-register.]
Aplicacion escuchando en puerto 9000
Conexion exitososa a mongodb
[Error: Module did not self-register.]
Aplicacion escuchando en puerto 9000
Conexion exitososa a mongodb
[Error: Module did not self-register.]
Aplicacion escuchando en puerto 9000
Conexion exitososa a mongodb
[Error: Module did not self-register.]
Aplicacion escuchando en puerto 9000
Conexion exitososa a mongodb
[Error: Module did not self-register.]
Aplicacion escuchando en puerto 9000
Conexion exitososa a mongodb
[0mGET / [31m500 [0m23.460 ms - 2495[0m
[0mGET / [31m500 [0m3.599 ms - 2495[0m
[0mGET / [31m500 [0m5.279 ms - 2495[0m
[0mGET / [31m500 [0m1.041 ms - 2495[0m
[Error: Module did not self-register.]
Aplicacion escuchando en puerto 9000
Conexion exitososa a mongodb
[0mGET / [31m500 [0m23.694 ms - 2496[0m
[Error: Module did not self-register.]
Aplicacion escuchando en puerto 9000
Conexion exitososa a mongodb
[Error: Module did not self-register.]
Aplicacion escuchando en puerto 9000
Conexion exitososa a mongodb
[0mGET / [31m500 [0m25.749 ms - 2495[0m
[0mGET / [31m500 [0m8.778 ms - 2495[0m
[0mGET / [31m500 [0m2.491 ms - 2495[0m
[0mGET / [31m500 [0m1.201 ms - 2495[0m
[0mGET / [31m500 [0m3.209 ms - 2495[0m
